Flow report for FSM
Tue Jun 24 22:48:29 2025
Quartus II 64-Bit Version 13.1.0 Build 162 10/23/2013 SJ Web Edition


---------------------
; Table of Contents ;
---------------------
  1. Legal Notice
  2. Flow Summary
  3. Flow Settings
  4. Flow Non-Default Global Settings
  5. Flow Elapsed Time
  6. Flow OS Summary
  7. Flow Log
  8. Flow Messages
  9. Flow Suppressed Messages



----------------
; Legal Notice ;
----------------
Copyright (C) 1991-2013 Altera Corporation
Your use of Altera Corporation's design tools, logic functions 
and other software and tools, and its AMPP partner logic 
functions, and any output files from any of the foregoing 
(including device programming or simulation files), and any 
associated documentation or information are expressly subject 
to the terms and conditions of the Altera Program License 
Subscription Agreement, Altera MegaCore Function License 
Agreement, or other applicable license agreement, including, 
without limitation, that your use is for the sole purpose of 
programming logic devices manufactured by Altera and sold by 
Altera or its authorized distributors.  Please refer to the 
applicable agreement for further details.



+---------------------------------------------------------------------------------+
; Flow Summary                                                                    ;
+------------------------------------+--------------------------------------------+
; Flow Status                        ; Successful - Tue Jun 24 22:48:29 2025      ;
; Quartus II 64-Bit Version          ; 13.1.0 Build 162 10/23/2013 SJ Web Edition ;
; Revision Name                      ; FSM                                        ;
; Top-level Entity Name              ; FSM                                        ;
; Family                             ; Cyclone IV GX                              ;
; Total logic elements               ; 0 / 14,400 ( 0 % )                         ;
;     Total combinational functions  ; 0 / 14,400 ( 0 % )                         ;
;     Dedicated logic registers      ; 0 / 14,400 ( 0 % )                         ;
; Total registers                    ; 0                                          ;
; Total pins                         ; 4 / 81 ( 5 % )                             ;
; Total virtual pins                 ; 0                                          ;
; Total memory bits                  ; 0 / 552,960 ( 0 % )                        ;
; Embedded Multiplier 9-bit elements ; 0                                          ;
; Total GXB Receiver Channel PCS     ; 0 / 2 ( 0 % )                              ;
; Total GXB Receiver Channel PMA     ; 0 / 2 ( 0 % )                              ;
; Total GXB Transmitter Channel PCS  ; 0 / 2 ( 0 % )                              ;
; Total GXB Transmitter Channel PMA  ; 0 / 2 ( 0 % )                              ;
; Total PLLs                         ; 0 / 3 ( 0 % )                              ;
; Device                             ; EP4CGX15BF14C6                             ;
; Timing Models                      ; Final                                      ;
+------------------------------------+--------------------------------------------+


+-----------------------------------------+
; Flow Settings                           ;
+-------------------+---------------------+
; Option            ; Setting             ;
+-------------------+---------------------+
; Start date & time ; 06/24/2025 22:47:47 ;
; Main task         ; Compilation         ;
; Revision Name     ; FSM                 ;
+-------------------+---------------------+


+-------------------------------------------------------------------------------------------------------------------------------+
; Flow Non-Default Global Settings                                                                                              ;
+-------------------------------------+------------------------------------------+---------------+-------------+----------------+
; Assignment Name                     ; Value                                    ; Default Value ; Entity Name ; Section Id     ;
+-------------------------------------+------------------------------------------+---------------+-------------+----------------+
; COMPILER_SIGNATURE_ID               ; 121378871423.175077646710276             ; --            ; --          ; --             ;
; EDA_GENERATE_FUNCTIONAL_NETLIST     ; On                                       ; --            ; --          ; eda_simulation ;
; EDA_NETLIST_WRITER_OUTPUT_DIR       ; C:/Verilog_training/FSM/simulation/qsim/ ; --            ; --          ; eda_simulation ;
; EDA_OUTPUT_DATA_FORMAT              ; Verilog Hdl                              ; --            ; --          ; eda_simulation ;
; EDA_SIMULATION_TOOL                 ; ModelSim-Altera (Verilog)                ; <None>        ; --          ; --             ;
; PARTITION_COLOR                     ; 16764057                                 ; --            ; --          ; Top            ;
; PARTITION_FITTER_PRESERVATION_LEVEL ; PLACEMENT_AND_ROUTING                    ; --            ; --          ; Top            ;
; PARTITION_NETLIST_TYPE              ; SOURCE                                   ; --            ; --          ; Top            ;
; PROJECT_OUTPUT_DIRECTORY            ; output_files                             ; --            ; --          ; --             ;
+-------------------------------------+------------------------------------------+---------------+-------------+----------------+


+-------------------------------------------------------------------------------------------------------------------------------+
; Flow Elapsed Time                                                                                                             ;
+---------------------------+--------------+-------------------------+---------------------+------------------------------------+
; Module Name               ; Elapsed Time ; Average Processors Used ; Peak Virtual Memory ; Total CPU Time (on all processors) ;
+---------------------------+--------------+-------------------------+---------------------+------------------------------------+
; Analysis & Synthesis      ; 00:00:01     ; 1.0                     ; 13080 MB            ; 00:00:01                           ;
; Fitter                    ; 00:00:04     ; 1.0                     ; 13482 MB            ; 00:00:04                           ;
; Assembler                 ; 00:00:01     ; 1.0                     ; 13025 MB            ; 00:00:01                           ;
; TimeQuest Timing Analyzer ; 00:00:02     ; 1.0                     ; 13008 MB            ; 00:00:01                           ;
; EDA Netlist Writer        ; 00:00:00     ; 1.0                     ; 12972 MB            ; 00:00:00                           ;
; EDA Netlist Writer        ; 00:00:01     ; 1.0                     ; 12984 MB            ; 00:00:00                           ;
; EDA Netlist Writer        ; 00:00:01     ; 1.0                     ; 12984 MB            ; 00:00:00                           ;
; EDA Netlist Writer        ; 00:00:00     ; 1.0                     ; 12984 MB            ; 00:00:00                           ;
; EDA Netlist Writer        ; 00:00:01     ; 1.0                     ; 12984 MB            ; 00:00:00                           ;
; Total                     ; 00:00:11     ; --                      ; --                  ; 00:00:07                           ;
+---------------------------+--------------+-------------------------+---------------------+------------------------------------+


+----------------------------------------------------------------------------------------+
; Flow OS Summary                                                                        ;
+---------------------------+------------------+-----------+------------+----------------+
; Module Name               ; Machine Hostname ; OS Name   ; OS Version ; Processor type ;
+---------------------------+------------------+-----------+------------+----------------+
; Analysis & Synthesis      ; 5AFB             ; Windows 7 ; 6.2        ; x86_64         ;
; Fitter                    ; 5AFB             ; Windows 7 ; 6.2        ; x86_64         ;
; Assembler                 ; 5AFB             ; Windows 7 ; 6.2        ; x86_64         ;
; TimeQuest Timing Analyzer ; 5AFB             ; Windows 7 ; 6.2        ; x86_64         ;
; EDA Netlist Writer        ; 5AFB             ; Windows 7 ; 6.2        ; x86_64         ;
; EDA Netlist Writer        ; 5AFB             ; Windows 7 ; 6.2        ; x86_64         ;
; EDA Netlist Writer        ; 5AFB             ; Windows 7 ; 6.2        ; x86_64         ;
; EDA Netlist Writer        ; 5AFB             ; Windows 7 ; 6.2        ; x86_64         ;
; EDA Netlist Writer        ; 5AFB             ; Windows 7 ; 6.2        ; x86_64         ;
+---------------------------+------------------+-----------+------------+----------------+


------------
; Flow Log ;
------------
quartus_map --read_settings_files=on --write_settings_files=off FSM -c FSM
quartus_fit --read_settings_files=off --write_settings_files=off FSM -c FSM
quartus_asm --read_settings_files=off --write_settings_files=off FSM -c FSM
quartus_sta FSM -c FSM
quartus_eda --read_settings_files=off --write_settings_files=off FSM -c FSM
quartus_eda --gen_testbench --check_outputs=on --tool=modelsim_oem --format=verilog FSM -c FSM --vector_source=C:/Verilog_training/FSM/Waveform.vwf --testbench_file=C:/Verilog_training/FSM/simulation/qsim/Waveform.vwf.vt
quartus_eda --functional=on --flatten_buses=off --simulation=on --tool=modelsim_oem --format=verilog --output_directory=C:/Verilog_training/FSM/simulation/qsim/ FSM -c FSM
quartus_eda --gen_testbench --check_outputs=on --tool=modelsim_oem --format=verilog FSM -c FSM --vector_source=C:/Verilog_training/FSM/Waveform.vwf --testbench_file=C:/Verilog_training/FSM/simulation/qsim/Waveform.vwf.vt
quartus_eda --functional=on --flatten_buses=off --simulation=on --tool=modelsim_oem --format=verilog --output_directory=C:/Verilog_training/FSM/simulation/qsim/ FSM -c FSM



