Analysis & Synthesis report for Freq_div
Mon Jun 23 15:03:59 2025
Quartus II 64-Bit Version 13.1.0 Build 162 10/23/2013 SJ Web Edition


---------------------
; Table of Contents ;
---------------------
  1. Legal Notice
  2. Analysis & Synthesis Summary
  3. Analysis & Synthesis Settings
  4. Parallel Compilation
  5. Analysis & Synthesis Source Files Read
  6. Analysis & Synthesis Resource Usage Summary
  7. Analysis & Synthesis Resource Utilization by Entity
  8. Registers Removed During Synthesis
  9. General Register Statistics
 10. Port Connectivity Checks: "acc32:a0|fulladd32bit:f0"
 11. Port Connectivity Checks: "acc32:a0"
 12. Elapsed Time Per Partition
 13. Analysis & Synthesis Messages



----------------
; Legal Notice ;
----------------
Copyright (C) 1991-2013 Altera Corporation
Your use of Altera Corporation's design tools, logic functions 
and other software and tools, and its AMPP partner logic 
functions, and any output files from any of the foregoing 
(including device programming or simulation files), and any 
associated documentation or information are expressly subject 
to the terms and conditions of the Altera Program License 
Subscription Agreement, Altera MegaCore Function License 
Agreement, or other applicable license agreement, including, 
without limitation, that your use is for the sole purpose of 
programming logic devices manufactured by Altera and sold by 
Altera or its authorized distributors.  Please refer to the 
applicable agreement for further details.



+---------------------------------------------------------------------------------+
; Analysis & Synthesis Summary                                                    ;
+------------------------------------+--------------------------------------------+
; Analysis & Synthesis Status        ; Successful - Mon Jun 23 15:03:59 2025      ;
; Quartus II 64-Bit Version          ; 13.1.0 Build 162 10/23/2013 SJ Web Edition ;
; Revision Name                      ; Freq_div                                   ;
; Top-level Entity Name              ; Freq_div                                   ;
; Family                             ; Cyclone IV GX                              ;
; Total logic elements               ; 144                                        ;
;     Total combinational functions  ; 144                                        ;
;     Dedicated logic registers      ; 30                                         ;
; Total registers                    ; 30                                         ;
; Total pins                         ; 40                                         ;
; Total virtual pins                 ; 0                                          ;
; Total memory bits                  ; 0                                          ;
; Embedded Multiplier 9-bit elements ; 0                                          ;
; Total GXB Receiver Channel PCS     ; 0                                          ;
; Total GXB Receiver Channel PMA     ; 0                                          ;
; Total GXB Transmitter Channel PCS  ; 0                                          ;
; Total GXB Transmitter Channel PMA  ; 0                                          ;
; Total PLLs                         ; 0                                          ;
+------------------------------------+--------------------------------------------+


+----------------------------------------------------------------------------------------------------------------------+
; Analysis & Synthesis Settings                                                                                        ;
+----------------------------------------------------------------------------+--------------------+--------------------+
; Option                                                                     ; Setting            ; Default Value      ;
+----------------------------------------------------------------------------+--------------------+--------------------+
; Top-level entity name                                                      ; Freq_div           ; Freq_div           ;
; Family name                                                                ; Cyclone IV GX      ; Cyclone IV GX      ;
; Use smart compilation                                                      ; Off                ; Off                ;
; Enable parallel Assembler and TimeQuest Timing Analyzer during compilation ; On                 ; On                 ;
; Enable compact report table                                                ; Off                ; Off                ;
; Restructure Multiplexers                                                   ; Auto               ; Auto               ;
; Create Debugging Nodes for IP Cores                                        ; Off                ; Off                ;
; Preserve fewer node names                                                  ; On                 ; On                 ;
; Disable OpenCore Plus hardware evaluation                                  ; Off                ; Off                ;
; Verilog Version                                                            ; Verilog_2001       ; Verilog_2001       ;
; VHDL Version                                                               ; VHDL_1993          ; VHDL_1993          ;
; State Machine Processing                                                   ; Auto               ; Auto               ;
; Safe State Machine                                                         ; Off                ; Off                ;
; Extract Verilog State Machines                                             ; On                 ; On                 ;
; Extract VHDL State Machines                                                ; On                 ; On                 ;
; Ignore Verilog initial constructs                                          ; Off                ; Off                ;
; Iteration limit for constant Verilog loops                                 ; 5000               ; 5000               ;
; Iteration limit for non-constant Verilog loops                             ; 250                ; 250                ;
; Add Pass-Through Logic to Inferred RAMs                                    ; On                 ; On                 ;
; Infer RAMs from Raw Logic                                                  ; On                 ; On                 ;
; Parallel Synthesis                                                         ; On                 ; On                 ;
; DSP Block Balancing                                                        ; Auto               ; Auto               ;
; NOT Gate Push-Back                                                         ; On                 ; On                 ;
; Power-Up Don't Care                                                        ; On                 ; On                 ;
; Remove Redundant Logic Cells                                               ; Off                ; Off                ;
; Remove Duplicate Registers                                                 ; On                 ; On                 ;
; Ignore CARRY Buffers                                                       ; Off                ; Off                ;
; Ignore CASCADE Buffers                                                     ; Off                ; Off                ;
; Ignore GLOBAL Buffers                                                      ; Off                ; Off                ;
; Ignore ROW GLOBAL Buffers                                                  ; Off                ; Off                ;
; Ignore LCELL Buffers                                                       ; Off                ; Off                ;
; Ignore SOFT Buffers                                                        ; On                 ; On                 ;
; Limit AHDL Integers to 32 Bits                                             ; Off                ; Off                ;
; Optimization Technique                                                     ; Balanced           ; Balanced           ;
; Carry Chain Length                                                         ; 70                 ; 70                 ;
; Auto Carry Chains                                                          ; On                 ; On                 ;
; Auto Open-Drain Pins                                                       ; On                 ; On                 ;
; Perform WYSIWYG Primitive Resynthesis                                      ; Off                ; Off                ;
; Auto ROM Replacement                                                       ; On                 ; On                 ;
; Auto RAM Replacement                                                       ; On                 ; On                 ;
; Auto DSP Block Replacement                                                 ; On                 ; On                 ;
; Auto Shift Register Replacement                                            ; Auto               ; Auto               ;
; Allow Shift Register Merging across Hierarchies                            ; Auto               ; Auto               ;
; Auto Clock Enable Replacement                                              ; On                 ; On                 ;
; Strict RAM Replacement                                                     ; Off                ; Off                ;
; Allow Synchronous Control Signals                                          ; On                 ; On                 ;
; Force Use of Synchronous Clear Signals                                     ; Off                ; Off                ;
; Auto RAM Block Balancing                                                   ; On                 ; On                 ;
; Auto RAM to Logic Cell Conversion                                          ; Off                ; Off                ;
; Auto Resource Sharing                                                      ; Off                ; Off                ;
; Allow Any RAM Size For Recognition                                         ; Off                ; Off                ;
; Allow Any ROM Size For Recognition                                         ; Off                ; Off                ;
; Allow Any Shift Register Size For Recognition                              ; Off                ; Off                ;
; Use LogicLock Constraints during Resource Balancing                        ; On                 ; On                 ;
; Ignore translate_off and synthesis_off directives                          ; Off                ; Off                ;
; Timing-Driven Synthesis                                                    ; On                 ; On                 ;
; Report Parameter Settings                                                  ; On                 ; On                 ;
; Report Source Assignments                                                  ; On                 ; On                 ;
; Report Connectivity Checks                                                 ; On                 ; On                 ;
; Ignore Maximum Fan-Out Assignments                                         ; Off                ; Off                ;
; Synchronization Register Chain Length                                      ; 2                  ; 2                  ;
; PowerPlay Power Optimization                                               ; Normal compilation ; Normal compilation ;
; HDL message level                                                          ; Level2             ; Level2             ;
; Suppress Register Optimization Related Messages                            ; Off                ; Off                ;
; Number of Removed Registers Reported in Synthesis Report                   ; 5000               ; 5000               ;
; Number of Swept Nodes Reported in Synthesis Report                         ; 5000               ; 5000               ;
; Number of Inverted Registers Reported in Synthesis Report                  ; 100                ; 100                ;
; Clock MUX Protection                                                       ; On                 ; On                 ;
; Auto Gated Clock Conversion                                                ; Off                ; Off                ;
; Block Design Naming                                                        ; Auto               ; Auto               ;
; SDC constraint protection                                                  ; Off                ; Off                ;
; Synthesis Effort                                                           ; Auto               ; Auto               ;
; Shift Register Replacement - Allow Asynchronous Clear Signal               ; On                 ; On                 ;
; Pre-Mapping Resynthesis Optimization                                       ; Off                ; Off                ;
; Analysis & Synthesis Message Level                                         ; Medium             ; Medium             ;
; Disable Register Merging Across Hierarchies                                ; Auto               ; Auto               ;
; Resource Aware Inference For Block RAM                                     ; On                 ; On                 ;
; Synthesis Seed                                                             ; 1                  ; 1                  ;
+----------------------------------------------------------------------------+--------------------+--------------------+


Parallel compilation was disabled, but you have multiple processors available. Enable parallel compilation to reduce compilation time.
+-------------------------------------+
; Parallel Compilation                ;
+----------------------------+--------+
; Processors                 ; Number ;
+----------------------------+--------+
; Number detected on machine ; 4      ;
; Maximum allowed            ; 1      ;
+----------------------------+--------+


+--------------------------------------------------------------------------------------------------------------------------------------------------+
; Analysis & Synthesis Source Files Read                                                                                                           ;
+----------------------------------+-----------------+------------------------+----------------------------------------------------------+---------+
; File Name with User-Entered Path ; Used in Netlist ; File Type              ; File Name with Absolute Path                             ; Library ;
+----------------------------------+-----------------+------------------------+----------------------------------------------------------+---------+
; D_FF/D_FF.v                      ; yes             ; User Verilog HDL File  ; C:/Verilog_training/Freq_div/D_FF/D_FF.v                 ;         ;
; fulladd32bit/fulladd32bit.v      ; yes             ; User Verilog HDL File  ; C:/Verilog_training/Freq_div/fulladd32bit/fulladd32bit.v ;         ;
; fulladd16bit/fulladd16bit.v      ; yes             ; User Verilog HDL File  ; C:/Verilog_training/Freq_div/fulladd16bit/fulladd16bit.v ;         ;
; fulladd/fulladd.v                ; yes             ; User Verilog HDL File  ; C:/Verilog_training/Freq_div/fulladd/fulladd.v           ;         ;
; ffulladd8bit/ffulladd8bit.v      ; yes             ; User Verilog HDL File  ; C:/Verilog_training/Freq_div/ffulladd8bit/ffulladd8bit.v ;         ;
; ffulladd/ffulladd.v              ; yes             ; User Verilog HDL File  ; C:/Verilog_training/Freq_div/ffulladd/ffulladd.v         ;         ;
; div_dec/div_dec.v                ; yes             ; User Verilog HDL File  ; C:/Verilog_training/Freq_div/div_dec/div_dec.v           ;         ;
; D_FF32bit/D_FF32bit.v            ; yes             ; User Verilog HDL File  ; C:/Verilog_training/Freq_div/D_FF32bit/D_FF32bit.v       ;         ;
; CLA/CLA.v                        ; yes             ; User Verilog HDL File  ; C:/Verilog_training/Freq_div/CLA/CLA.v                   ;         ;
; acc32/acc32.v                    ; yes             ; User Verilog HDL File  ; C:/Verilog_training/Freq_div/acc32/acc32.v               ;         ;
; Freq_div.v                       ; yes             ; User Verilog HDL File  ; C:/Verilog_training/Freq_div/Freq_div.v                  ;         ;
+----------------------------------+-----------------+------------------------+----------------------------------------------------------+---------+


+---------------------------------------------+
; Analysis & Synthesis Resource Usage Summary ;
+--------------------------+------------------+
; Resource                 ; Usage            ;
+--------------------------+------------------+
; I/O pins                 ; 40               ;
; DSP block 9-bit elements ; 0                ;
; Maximum fan-out node     ; fsel[2]~input    ;
; Maximum fan-out          ; 45               ;
; Total fan-out            ; 670              ;
; Average fan-out          ; 2.64             ;
+--------------------------+------------------+


+--------------------------------------------------------------------------------------------------------------------------------------------------------------------------------------------------------------------------------------------------------------+
; Analysis & Synthesis Resource Utilization by Entity                                                                                                                                                                                                          ;
+-------------------------------+-------------------+--------------+-------------+--------------+---------+-----------+-----------+------+--------------+---------------------------------------------------------------------------------------+--------------+
; Compilation Hierarchy Node    ; LC Combinationals ; LC Registers ; Memory Bits ; DSP Elements ; DSP 9x9 ; DSP 18x18 ; DSP 36x36 ; Pins ; Virtual Pins ; Full Hierarchy Name                                                                   ; Library Name ;
+-------------------------------+-------------------+--------------+-------------+--------------+---------+-----------+-----------+------+--------------+---------------------------------------------------------------------------------------+--------------+
; |Freq_div                     ; 144 (90)          ; 30 (0)       ; 0           ; 0            ; 0       ; 0         ; 0         ; 40   ; 0            ; |Freq_div                                                                             ; work         ;
;    |D_FF:d_ff|                ; 1 (1)             ; 1 (1)        ; 0           ; 0            ; 0       ; 0         ; 0         ; 0    ; 0            ; |Freq_div|D_FF:d_ff                                                                   ; work         ;
;    |acc32:a0|                 ; 39 (0)            ; 29 (0)       ; 0           ; 0            ; 0       ; 0         ; 0         ; 0    ; 0            ; |Freq_div|acc32:a0                                                                    ; work         ;
;       |D_FF32bit:d0|          ; 29 (29)           ; 29 (29)      ; 0           ; 0            ; 0       ; 0         ; 0         ; 0    ; 0            ; |Freq_div|acc32:a0|D_FF32bit:d0                                                       ; work         ;
;       |fulladd32bit:f0|       ; 10 (0)            ; 0 (0)        ; 0           ; 0            ; 0       ; 0         ; 0         ; 0    ; 0            ; |Freq_div|acc32:a0|fulladd32bit:f0                                                    ; work         ;
;          |fulladd16bit:f0|    ; 6 (0)             ; 0 (0)        ; 0           ; 0            ; 0       ; 0         ; 0         ; 0    ; 0            ; |Freq_div|acc32:a0|fulladd32bit:f0|fulladd16bit:f0                                    ; work         ;
;             |ffulladd8bit:f0| ; 2 (0)             ; 0 (0)        ; 0           ; 0            ; 0       ; 0         ; 0         ; 0    ; 0            ; |Freq_div|acc32:a0|fulladd32bit:f0|fulladd16bit:f0|ffulladd8bit:f0                    ; work         ;
;                |ffulladd:f0|  ; 1 (0)             ; 0 (0)        ; 0           ; 0            ; 0       ; 0         ; 0         ; 0    ; 0            ; |Freq_div|acc32:a0|fulladd32bit:f0|fulladd16bit:f0|ffulladd8bit:f0|ffulladd:f0        ; work         ;
;                   |CLA:c0|    ; 1 (1)             ; 0 (0)        ; 0           ; 0            ; 0       ; 0         ; 0         ; 0    ; 0            ; |Freq_div|acc32:a0|fulladd32bit:f0|fulladd16bit:f0|ffulladd8bit:f0|ffulladd:f0|CLA:c0 ; work         ;
;                |ffulladd:f1|  ; 1 (0)             ; 0 (0)        ; 0           ; 0            ; 0       ; 0         ; 0         ; 0    ; 0            ; |Freq_div|acc32:a0|fulladd32bit:f0|fulladd16bit:f0|ffulladd8bit:f0|ffulladd:f1        ; work         ;
;                   |CLA:c0|    ; 1 (1)             ; 0 (0)        ; 0           ; 0            ; 0       ; 0         ; 0         ; 0    ; 0            ; |Freq_div|acc32:a0|fulladd32bit:f0|fulladd16bit:f0|ffulladd8bit:f0|ffulladd:f1|CLA:c0 ; work         ;
;             |ffulladd8bit:f1| ; 4 (0)             ; 0 (0)        ; 0           ; 0            ; 0       ; 0         ; 0         ; 0    ; 0            ; |Freq_div|acc32:a0|fulladd32bit:f0|fulladd16bit:f0|ffulladd8bit:f1                    ; work         ;
;                |ffulladd:f0|  ; 2 (0)             ; 0 (0)        ; 0           ; 0            ; 0       ; 0         ; 0         ; 0    ; 0            ; |Freq_div|acc32:a0|fulladd32bit:f0|fulladd16bit:f0|ffulladd8bit:f1|ffulladd:f0        ; work         ;
;                   |CLA:c0|    ; 2 (2)             ; 0 (0)        ; 0           ; 0            ; 0       ; 0         ; 0         ; 0    ; 0            ; |Freq_div|acc32:a0|fulladd32bit:f0|fulladd16bit:f0|ffulladd8bit:f1|ffulladd:f0|CLA:c0 ; work         ;
;                |ffulladd:f1|  ; 2 (0)             ; 0 (0)        ; 0           ; 0            ; 0       ; 0         ; 0         ; 0    ; 0            ; |Freq_div|acc32:a0|fulladd32bit:f0|fulladd16bit:f0|ffulladd8bit:f1|ffulladd:f1        ; work         ;
;                   |CLA:c0|    ; 2 (2)             ; 0 (0)        ; 0           ; 0            ; 0       ; 0         ; 0         ; 0    ; 0            ; |Freq_div|acc32:a0|fulladd32bit:f0|fulladd16bit:f0|ffulladd8bit:f1|ffulladd:f1|CLA:c0 ; work         ;
;          |fulladd16bit:f1|    ; 4 (0)             ; 0 (0)        ; 0           ; 0            ; 0       ; 0         ; 0         ; 0    ; 0            ; |Freq_div|acc32:a0|fulladd32bit:f0|fulladd16bit:f1                                    ; work         ;
;             |ffulladd8bit:f0| ; 2 (0)             ; 0 (0)        ; 0           ; 0            ; 0       ; 0         ; 0         ; 0    ; 0            ; |Freq_div|acc32:a0|fulladd32bit:f0|fulladd16bit:f1|ffulladd8bit:f0                    ; work         ;
;                |ffulladd:f0|  ; 1 (0)             ; 0 (0)        ; 0           ; 0            ; 0       ; 0         ; 0         ; 0    ; 0            ; |Freq_div|acc32:a0|fulladd32bit:f0|fulladd16bit:f1|ffulladd8bit:f0|ffulladd:f0        ; work         ;
;                   |CLA:c0|    ; 1 (1)             ; 0 (0)        ; 0           ; 0            ; 0       ; 0         ; 0         ; 0    ; 0            ; |Freq_div|acc32:a0|fulladd32bit:f0|fulladd16bit:f1|ffulladd8bit:f0|ffulladd:f0|CLA:c0 ; work         ;
;                |ffulladd:f1|  ; 1 (0)             ; 0 (0)        ; 0           ; 0            ; 0       ; 0         ; 0         ; 0    ; 0            ; |Freq_div|acc32:a0|fulladd32bit:f0|fulladd16bit:f1|ffulladd8bit:f0|ffulladd:f1        ; work         ;
;                   |CLA:c0|    ; 1 (1)             ; 0 (0)        ; 0           ; 0            ; 0       ; 0         ; 0         ; 0    ; 0            ; |Freq_div|acc32:a0|fulladd32bit:f0|fulladd16bit:f1|ffulladd8bit:f0|ffulladd:f1|CLA:c0 ; work         ;
;             |ffulladd8bit:f1| ; 2 (0)             ; 0 (0)        ; 0           ; 0            ; 0       ; 0         ; 0         ; 0    ; 0            ; |Freq_div|acc32:a0|fulladd32bit:f0|fulladd16bit:f1|ffulladd8bit:f1                    ; work         ;
;                |ffulladd:f0|  ; 2 (0)             ; 0 (0)        ; 0           ; 0            ; 0       ; 0         ; 0         ; 0    ; 0            ; |Freq_div|acc32:a0|fulladd32bit:f0|fulladd16bit:f1|ffulladd8bit:f1|ffulladd:f0        ; work         ;
;                   |CLA:c0|    ; 2 (2)             ; 0 (0)        ; 0           ; 0            ; 0       ; 0         ; 0         ; 0    ; 0            ; |Freq_div|acc32:a0|fulladd32bit:f0|fulladd16bit:f1|ffulladd8bit:f1|ffulladd:f0|CLA:c0 ; work         ;
;    |div_dec:d0|               ; 14 (14)           ; 0 (0)        ; 0           ; 0            ; 0       ; 0         ; 0         ; 0    ; 0            ; |Freq_div|div_dec:d0                                                                  ; work         ;
+-------------------------------+-------------------+--------------+-------------+--------------+---------+-----------+-----------+------+--------------+---------------------------------------------------------------------------------------+--------------+
Note: For table entries with two numbers listed, the numbers in parentheses indicate the number of resources of the given type used by the specific entity alone. The numbers listed outside of parentheses indicate the total resources of the given type used by the specific entity and all of its sub-entities in the hierarchy.


+-------------------------------------------------------------------------------------+
; Registers Removed During Synthesis                                                  ;
+---------------------------------------+---------------------------------------------+
; Register name                         ; Reason for Removal                          ;
+---------------------------------------+---------------------------------------------+
; acc32:a0|D_FF32bit:d0|dout[29..31]    ; Stuck at GND due to stuck port clock_enable ;
; Total Number of Removed Registers = 3 ;                                             ;
+---------------------------------------+---------------------------------------------+


+------------------------------------------------------+
; General Register Statistics                          ;
+----------------------------------------------+-------+
; Statistic                                    ; Value ;
+----------------------------------------------+-------+
; Total registers                              ; 30    ;
; Number of registers using Synchronous Clear  ; 0     ;
; Number of registers using Synchronous Load   ; 0     ;
; Number of registers using Asynchronous Clear ; 29    ;
; Number of registers using Asynchronous Load  ; 0     ;
; Number of registers using Clock Enable       ; 0     ;
; Number of registers using Preset             ; 0     ;
+----------------------------------------------+-------+


+-------------------------------------------------------+
; Port Connectivity Checks: "acc32:a0|fulladd32bit:f0"  ;
+----------+--------+----------+------------------------+
; Port     ; Type   ; Severity ; Details                ;
+----------+--------+----------+------------------------+
; cin      ; Input  ; Info     ; Stuck at GND           ;
; b[31..1] ; Input  ; Info     ; Stuck at GND           ;
; b[0]     ; Input  ; Info     ; Stuck at VCC           ;
; cout     ; Output ; Info     ; Explicitly unconnected ;
+----------+--------+----------+------------------------+


+----------------------------------------+
; Port Connectivity Checks: "acc32:a0"   ;
+------+-------+----------+--------------+
; Port ; Type  ; Severity ; Details      ;
+------+-------+----------+--------------+
; en   ; Input ; Info     ; Stuck at VCC ;
+------+-------+----------+--------------+


+-------------------------------+
; Elapsed Time Per Partition    ;
+----------------+--------------+
; Partition Name ; Elapsed Time ;
+----------------+--------------+
; Top            ; 00:00:00     ;
+----------------+--------------+


+-------------------------------+
; Analysis & Synthesis Messages ;
+-------------------------------+
Info: *******************************************************************
Info: Running Quartus II 64-Bit Analysis & Synthesis
    Info: Version 13.1.0 Build 162 10/23/2013 SJ Web Edition
    Info: Processing started: Mon Jun 23 15:03:57 2025
Info: Command: quartus_map --read_settings_files=on --write_settings_files=off Freq_div -c Freq_div
Warning (20028): Parallel compilation is not licensed and has been disabled
Info (12021): Found 1 design units, including 1 entities, in source file d_ff/d_ff.v
    Info (12023): Found entity 1: D_FF
Info (12021): Found 1 design units, including 1 entities, in source file fulladd32bit/fulladd32bit.v
    Info (12023): Found entity 1: fulladd32bit
Info (12021): Found 1 design units, including 1 entities, in source file fulladd16bit/fulladd16bit.v
    Info (12023): Found entity 1: fulladd16bit
Info (12021): Found 1 design units, including 1 entities, in source file fulladd/fulladd.v
    Info (12023): Found entity 1: fulladd
Info (12021): Found 1 design units, including 1 entities, in source file ffulladd8bit/ffulladd8bit.v
    Info (12023): Found entity 1: ffulladd8bit
Info (12021): Found 1 design units, including 1 entities, in source file ffulladd/ffulladd.v
    Info (12023): Found entity 1: ffulladd
Info (12021): Found 1 design units, including 1 entities, in source file div_dec/div_dec.v
    Info (12023): Found entity 1: div_dec
Info (12021): Found 1 design units, including 1 entities, in source file d_ff32bit/d_ff32bit.v
    Info (12023): Found entity 1: D_FF32bit
Info (12021): Found 1 design units, including 1 entities, in source file cla/cla.v
    Info (12023): Found entity 1: CLA
Info (12021): Found 1 design units, including 1 entities, in source file acc32/acc32.v
    Info (12023): Found entity 1: acc32
Info (12021): Found 1 design units, including 1 entities, in source file freq_div.v
    Info (12023): Found entity 1: Freq_div
Info (12127): Elaborating entity "Freq_div" for the top level hierarchy
Info (12128): Elaborating entity "acc32" for hierarchy "acc32:a0"
Info (12128): Elaborating entity "fulladd32bit" for hierarchy "acc32:a0|fulladd32bit:f0"
Info (12128): Elaborating entity "fulladd16bit" for hierarchy "acc32:a0|fulladd32bit:f0|fulladd16bit:f0"
Info (12128): Elaborating entity "ffulladd8bit" for hierarchy "acc32:a0|fulladd32bit:f0|fulladd16bit:f0|ffulladd8bit:f0"
Info (12128): Elaborating entity "ffulladd" for hierarchy "acc32:a0|fulladd32bit:f0|fulladd16bit:f0|ffulladd8bit:f0|ffulladd:f0"
Info (12128): Elaborating entity "fulladd" for hierarchy "acc32:a0|fulladd32bit:f0|fulladd16bit:f0|ffulladd8bit:f0|ffulladd:f0|fulladd:f0"
Info (12128): Elaborating entity "CLA" for hierarchy "acc32:a0|fulladd32bit:f0|fulladd16bit:f0|ffulladd8bit:f0|ffulladd:f0|CLA:c0"
Info (12128): Elaborating entity "D_FF32bit" for hierarchy "acc32:a0|D_FF32bit:d0"
Info (12128): Elaborating entity "div_dec" for hierarchy "div_dec:d0"
Info (12128): Elaborating entity "D_FF" for hierarchy "D_FF:d_ff"
Warning (13024): Output pins are stuck at VCC or GND
    Warning (13410): Pin "acc_out[29]" is stuck at GND
    Warning (13410): Pin "acc_out[30]" is stuck at GND
    Warning (13410): Pin "acc_out[31]" is stuck at GND
Info (286030): Timing-Driven Synthesis is running
Info (16010): Generating hard_block partition "hard_block:auto_generated_inst"
    Info (16011): Adding 0 node(s), including 0 DDIO, 0 PLL, 0 transceiver and 0 LCELL
Info (21057): Implemented 184 device resources after synthesis - the final resource count might be different
    Info (21058): Implemented 5 input pins
    Info (21059): Implemented 35 output pins
    Info (21061): Implemented 144 logic cells
Info: Quartus II 64-Bit Analysis & Synthesis was successful. 0 errors, 5 warnings
    Info: Peak virtual memory: 13094 megabytes
    Info: Processing ended: Mon Jun 23 15:03:59 2025
    Info: Elapsed time: 00:00:02
    Info: Total CPU time (on all processors): 00:00:02


