Flow report for traffic_moore
Wed Jun 25 17:41:38 2025
Quartus II 64-Bit Version 13.1.0 Build 162 10/23/2013 SJ Web Edition


---------------------
; Table of Contents ;
---------------------
  1. Legal Notice
  2. Flow Summary
  3. Flow Settings
  4. Flow Non-Default Global Settings
  5. Flow Elapsed Time
  6. Flow OS Summary
  7. Flow Log
  8. Flow Messages
  9. Flow Suppressed Messages



----------------
; Legal Notice ;
----------------
Copyright (C) 1991-2013 Altera Corporation
Your use of Altera Corporation's design tools, logic functions 
and other software and tools, and its AMPP partner logic 
functions, and any output files from any of the foregoing 
(including device programming or simulation files), and any 
associated documentation or information are expressly subject 
to the terms and conditions of the Altera Program License 
Subscription Agreement, Altera MegaCore Function License 
Agreement, or other applicable license agreement, including, 
without limitation, that your use is for the sole purpose of 
programming logic devices manufactured by Altera and sold by 
Altera or its authorized distributors.  Please refer to the 
applicable agreement for further details.



+---------------------------------------------------------------------------------+
; Flow Summary                                                                    ;
+------------------------------------+--------------------------------------------+
; Flow Status                        ; Successful - Wed Jun 25 17:41:38 2025      ;
; Quartus II 64-Bit Version          ; 13.1.0 Build 162 10/23/2013 SJ Web Edition ;
; Revision Name                      ; traffic_moore                              ;
; Top-level Entity Name              ; traffic_moore                              ;
; Family                             ; Cyclone IV GX                              ;
; Total logic elements               ; 19 / 14,400 ( < 1 % )                      ;
;     Total combinational functions  ; 19 / 14,400 ( < 1 % )                      ;
;     Dedicated logic registers      ; 11 / 14,400 ( < 1 % )                      ;
; Total registers                    ; 11                                         ;
; Total pins                         ; 5 / 81 ( 6 % )                             ;
; Total virtual pins                 ; 0                                          ;
; Total memory bits                  ; 0 / 552,960 ( 0 % )                        ;
; Embedded Multiplier 9-bit elements ; 0                                          ;
; Total GXB Receiver Channel PCS     ; 0 / 2 ( 0 % )                              ;
; Total GXB Receiver Channel PMA     ; 0 / 2 ( 0 % )                              ;
; Total GXB Transmitter Channel PCS  ; 0 / 2 ( 0 % )                              ;
; Total GXB Transmitter Channel PMA  ; 0 / 2 ( 0 % )                              ;
; Total PLLs                         ; 0 / 3 ( 0 % )                              ;
; Device                             ; EP4CGX15BF14C6                             ;
; Timing Models                      ; Final                                      ;
+------------------------------------+--------------------------------------------+


+-----------------------------------------+
; Flow Settings                           ;
+-------------------+---------------------+
; Option            ; Setting             ;
+-------------------+---------------------+
; Start date & time ; 06/25/2025 17:40:35 ;
; Main task         ; Compilation         ;
; Revision Name     ; traffic_moore       ;
+-------------------+---------------------+


+-----------------------------------------------------------------------------------------------------------------------------------------+
; Flow Non-Default Global Settings                                                                                                        ;
+-------------------------------------+----------------------------------------------------+---------------+-------------+----------------+
; Assignment Name                     ; Value                                              ; Default Value ; Entity Name ; Section Id     ;
+-------------------------------------+----------------------------------------------------+---------------+-------------+----------------+
; COMPILER_SIGNATURE_ID               ; 121378871423.175084443506112                       ; --            ; --          ; --             ;
; EDA_GENERATE_FUNCTIONAL_NETLIST     ; On                                                 ; --            ; --          ; eda_simulation ;
; EDA_NETLIST_WRITER_OUTPUT_DIR       ; C:/Verilog_training/traffic_moore/simulation/qsim/ ; --            ; --          ; eda_simulation ;
; EDA_OUTPUT_DATA_FORMAT              ; Verilog Hdl                                        ; --            ; --          ; eda_simulation ;
; EDA_SIMULATION_TOOL                 ; ModelSim-Altera (Verilog)                          ; <None>        ; --          ; --             ;
; PARTITION_COLOR                     ; 16764057                                           ; --            ; --          ; Top            ;
; PARTITION_FITTER_PRESERVATION_LEVEL ; PLACEMENT_AND_ROUTING                              ; --            ; --          ; Top            ;
; PARTITION_NETLIST_TYPE              ; SOURCE                                             ; --            ; --          ; Top            ;
; PROJECT_OUTPUT_DIRECTORY            ; output_files                                       ; --            ; --          ; --             ;
+-------------------------------------+----------------------------------------------------+---------------+-------------+----------------+


+-------------------------------------------------------------------------------------------------------------------------------+
; Flow Elapsed Time                                                                                                             ;
+---------------------------+--------------+-------------------------+---------------------+------------------------------------+
; Module Name               ; Elapsed Time ; Average Processors Used ; Peak Virtual Memory ; Total CPU Time (on all processors) ;
+---------------------------+--------------+-------------------------+---------------------+------------------------------------+
; Analysis & Synthesis      ; 00:00:01     ; 1.0                     ; 13079 MB            ; 00:00:01                           ;
; Fitter                    ; 00:00:05     ; 1.0                     ; 13478 MB            ; 00:00:05                           ;
; Assembler                 ; 00:00:00     ; 1.0                     ; 13029 MB            ; 00:00:01                           ;
; TimeQuest Timing Analyzer ; 00:00:02     ; 1.0                     ; 13023 MB            ; 00:00:01                           ;
; EDA Netlist Writer        ; 00:00:00     ; 1.0                     ; 12972 MB            ; 00:00:00                           ;
; EDA Netlist Writer        ; 00:00:01     ; 1.0                     ; 12985 MB            ; 00:00:00                           ;
; EDA Netlist Writer        ; 00:00:00     ; 1.0                     ; 12985 MB            ; 00:00:00                           ;
; EDA Netlist Writer        ; 00:00:01     ; 1.0                     ; 12985 MB            ; 00:00:00                           ;
; EDA Netlist Writer        ; 00:00:01     ; 1.0                     ; 12985 MB            ; 00:00:00                           ;
; Total                     ; 00:00:11     ; --                      ; --                  ; 00:00:08                           ;
+---------------------------+--------------+-------------------------+---------------------+------------------------------------+


+----------------------------------------------------------------------------------------+
; Flow OS Summary                                                                        ;
+---------------------------+------------------+-----------+------------+----------------+
; Module Name               ; Machine Hostname ; OS Name   ; OS Version ; Processor type ;
+---------------------------+------------------+-----------+------------+----------------+
; Analysis & Synthesis      ; 5AFB             ; Windows 7 ; 6.2        ; x86_64         ;
; Fitter                    ; 5AFB             ; Windows 7 ; 6.2        ; x86_64         ;
; Assembler                 ; 5AFB             ; Windows 7 ; 6.2        ; x86_64         ;
; TimeQuest Timing Analyzer ; 5AFB             ; Windows 7 ; 6.2        ; x86_64         ;
; EDA Netlist Writer        ; 5AFB             ; Windows 7 ; 6.2        ; x86_64         ;
; EDA Netlist Writer        ; 5AFB             ; Windows 7 ; 6.2        ; x86_64         ;
; EDA Netlist Writer        ; 5AFB             ; Windows 7 ; 6.2        ; x86_64         ;
; EDA Netlist Writer        ; 5AFB             ; Windows 7 ; 6.2        ; x86_64         ;
; EDA Netlist Writer        ; 5AFB             ; Windows 7 ; 6.2        ; x86_64         ;
+---------------------------+------------------+-----------+------------+----------------+


------------
; Flow Log ;
------------
quartus_map --read_settings_files=on --write_settings_files=off traffic_moore -c traffic_moore
quartus_fit --read_settings_files=off --write_settings_files=off traffic_moore -c traffic_moore
quartus_asm --read_settings_files=off --write_settings_files=off traffic_moore -c traffic_moore
quartus_sta traffic_moore -c traffic_moore
quartus_eda --read_settings_files=off --write_settings_files=off traffic_moore -c traffic_moore
quartus_eda --gen_testbench --check_outputs=on --tool=modelsim_oem --format=verilog traffic_moore -c traffic_moore --vector_source=C:/Verilog_training/traffic_moore/Waveform1.vwf --testbench_file=C:/Verilog_training/traffic_moore/simulation/qsim/Waveform1.vwf.vt
quartus_eda --functional=on --flatten_buses=off --simulation=on --tool=modelsim_oem --format=verilog --output_directory=C:/Verilog_training/traffic_moore/simulation/qsim/ traffic_moore -c traffic_moore
quartus_eda --gen_testbench --check_outputs=on --tool=modelsim_oem --format=verilog traffic_moore -c traffic_moore --vector_source=C:/Verilog_training/traffic_moore/Waveform1.vwf --testbench_file=C:/Verilog_training/traffic_moore/simulation/qsim/Waveform1.vwf.vt
quartus_eda --functional=on --flatten_buses=off --simulation=on --tool=modelsim_oem --format=verilog --output_directory=C:/Verilog_training/traffic_moore/simulation/qsim/ traffic_moore -c traffic_moore



